0	08:59:26.096	Expert MTS_Builder USDCHF,H1: loaded successfully
0	08:59:48.676	MTS_Builder USDCHF,H1 inputs: stopLoss=500; takeProfit=600; TRAILING_STOP_MA=false; TMA_period=10; TMA_priceshift=300; TMA_method=1; TMA_candle_shift=1; TRAILING_STOP_SARA=false; TSAR_step=0.02; TSAR_maximum=2.0; TSAR_timeshift=0; TSAR_priceshift=300; TSAR_candle_shift=1; оюпжхюкэмне_сопюбкемхе=false; пюгдекэмне_сопюбкемхе=false; 
0	08:59:48.843	MTS_Builder USDCHF,H1: initialized
0	09:00:11.809	MTS_Builder USDCHF,H1: uninit reason 5
0	09:00:11.842	MTS_Builder USDCHF,H1 inputs: stopLoss=500; takeProfit=600; TRAILING_STOP_MA=false; TMA_period=10; TMA_priceshift=300; TMA_method=1; TMA_candle_shift=1; TRAILING_STOP_SARA=false; TSAR_step=0.02; TSAR_maximum=2.0; TSAR_timeshift=0; TSAR_priceshift=300; TSAR_candle_shift=1; оюпжхюкэмне_сопюбкемхе=false; пюгдекэмне_сопюбкемхе=false; 
0	09:00:11.842	MTS_Builder USDCHF,H1: initialized
0	09:00:55.172	MTS_Builder USDCHF,H1: uninit reason 4
0	09:00:55.204	Expert MTS_Builder USDCHF,H1: removed
0	09:01:55.425	Expert MTS_Builder USDCHF,H1: loaded successfully
0	09:01:59.383	MTS_Builder USDCHF,H1 inputs: stopLoss=500; takeProfit=1220; TRAILING_STOP_MA=false; TMA_period=10; TMA_priceshift=300; TMA_method=1; TMA_candle_shift=1; TRAILING_STOP_SARA=false; TSAR_step=0.02; TSAR_maximum=2.0; TSAR_timeshift=0; TSAR_priceshift=300; TSAR_candle_shift=1; оюпжхюкэмне_сопюбкемхе=false; пюгдекэмне_сопюбкемхе=false; 
0	09:01:59.441	MTS_Builder USDCHF,H1: initialized
0	09:02:10.627	MTS_Builder USDCHF,H1: uninit reason 4
0	09:02:10.667	Expert MTS_Builder USDCHF,H1: removed
0	09:02:22.772	Expert MTS_Builder USDCHF,H1: loaded successfully
0	09:02:25.674	MTS_Builder USDCHF,H1 inputs: stopLoss=500; takeProfit=1220; TRAILING_STOP_MA=false; TMA_period=10; TMA_priceshift=300; TMA_method=1; TMA_candle_shift=1; TRAILING_STOP_SARA=false; TSAR_step=0.02; TSAR_maximum=2.0; TSAR_timeshift=0; TSAR_priceshift=300; TSAR_candle_shift=1; оюпжхюкэмне_сопюбкемхе=false; пюгдекэмне_сопюбкемхе=false; 
0	09:02:25.747	MTS_Builder USDCHF,H1: initialized
0	09:02:28.979	MTS_Builder USDCHF,H1: uninit reason 4
3	09:02:28.981	MTS_Builder USDCHF,H1: 4 undeleted objects left
3	09:02:28.981	MTS_Builder USDCHF,H1: 1 object of type Buy left
3	09:02:28.981	MTS_Builder USDCHF,H1: 1 object of type Sell left
3	09:02:28.981	MTS_Builder USDCHF,H1: 2 objects of type MovingAverage left
0	09:02:29.050	Expert MTS_Builder USDCHF,H1: removed
0	09:48:04.961	Expert MTS_Builder USDCHF,H1: loaded successfully
0	09:48:07.620	Expert MTS_Builder USDCHF,H1: removed
