0	23:23:56.702	Compiling 'MACD Sample'
0	23:23:56.702	Compiling 'Moving Average'
0	23:24:00.429	Compiling 'Accelerator'
0	23:24:00.429	Compiling 'Accumulation'
0	23:24:00.429	Compiling 'Alligator'
0	23:24:00.429	Compiling 'ATR'
0	23:24:00.429	Compiling 'Awesome'
0	23:24:00.429	Compiling 'Bands'
0	23:24:00.429	Compiling 'Bears'
0	23:24:00.429	Compiling 'Bulls'
0	23:24:00.429	Compiling 'CCI'
0	23:24:00.429	Compiling 'Custom Moving Averages'
0	23:24:00.429	Compiling 'Heiken Ashi'
0	23:24:00.429	Compiling 'Ichimoku'
0	23:24:00.429	Compiling 'iExposure'
0	23:24:00.429	Compiling 'MACD'
0	23:24:00.429	Compiling 'Momentum'
0	23:24:00.429	Compiling 'OsMA'
0	23:24:00.429	Compiling 'Parabolic'
0	23:24:00.429	Compiling 'RSI'
0	23:24:00.429	Compiling 'Stochastic'
0	23:24:00.429	Compiling 'ZigZag'
0	23:24:00.429	Compiling 'SimplePanel'
0	23:24:06.940	Compiling 'PeriodConverter'
0	23:24:06.956	Compiling 'DLLSampleTester'
0	23:24:06.956	Compiling 'PipeClient'
0	23:24:06.956	Compiling 'PipeClientPure'
0	23:24:10.141	Compiling 'stdlib'
