0	14:35:48.098	Compiling 'MACD Sample'
0	14:35:48.100	Compiling 'Moving Average'
0	14:35:50.577	Compiling 'Accelerator'
0	14:35:50.577	Compiling 'Accumulation'
0	14:35:50.577	Compiling 'Alligator'
0	14:35:50.577	Compiling 'ATR'
0	14:35:50.577	Compiling 'Awesome'
0	14:35:50.577	Compiling 'Bands'
0	14:35:50.577	Compiling 'Bears'
0	14:35:50.577	Compiling 'Bulls'
0	14:35:50.577	Compiling 'CCI'
0	14:35:50.577	Compiling 'Custom Moving Averages'
0	14:35:50.577	Compiling 'Heiken Ashi'
0	14:35:50.577	Compiling 'Ichimoku'
0	14:35:50.577	Compiling 'iExposure'
0	14:35:50.577	Compiling 'MACD'
0	14:35:50.577	Compiling 'Momentum'
0	14:35:50.577	Compiling 'OsMA'
0	14:35:50.577	Compiling 'Parabolic'
0	14:35:50.577	Compiling 'RSI'
0	14:35:50.577	Compiling 'Stochastic'
0	14:35:50.577	Compiling 'ZigZag'
0	14:35:50.577	Compiling 'SimplePanel'
0	14:35:56.623	Compiling 'PeriodConverter'
0	14:35:56.623	Compiling 'DLLSampleTester'
0	14:35:56.623	Compiling 'PipeClient'
0	14:35:56.623	Compiling 'PipeClientPure'
0	14:35:59.781	Compiling 'stdlib'
