0	17:42:47.778	Compiling 'MACD Sample'
0	17:42:47.778	Compiling 'Moving Average'
0	17:42:55.334	Compiling 'Accelerator'
0	17:42:55.334	Compiling 'Accumulation'
0	17:42:55.334	Compiling 'Alligator'
0	17:42:55.334	Compiling 'ATR'
0	17:42:55.335	Compiling 'Awesome'
0	17:42:55.335	Compiling 'Bands'
0	17:42:55.335	Compiling 'Bears'
0	17:42:55.335	Compiling 'Bulls'
0	17:42:55.335	Compiling 'CCI'
0	17:42:55.335	Compiling 'Custom Moving Averages'
0	17:42:55.335	Compiling 'Heiken Ashi'
0	17:42:55.335	Compiling 'Ichimoku'
0	17:42:55.335	Compiling 'iExposure'
0	17:42:55.336	Compiling 'MACD'
0	17:42:55.336	Compiling 'Momentum'
0	17:42:55.336	Compiling 'OsMA'
0	17:42:55.336	Compiling 'Parabolic'
0	17:42:55.336	Compiling 'RSI'
0	17:42:55.336	Compiling 'Stochastic'
0	17:42:55.336	Compiling 'ZigZag'
0	17:42:55.337	Compiling 'SimplePanel'
0	17:43:09.143	Compiling 'PeriodConverter'
0	17:43:09.144	Compiling 'DLLSampleTester'
0	17:43:09.144	Compiling 'PipeClient'
0	17:43:09.144	Compiling 'PipeClientPure'
0	17:43:15.975	Compiling 'stdlib'
0	20:28:11.844	Compiling 'MTS_Builder'
0	20:28:11.847	Compiling '“— —Œ –”ÿ»“≈À‹ œ» »'
0	20:28:11.847	Compiling '“— —Œ –”ÿ»“≈À‹. À»Õ»» “–≈Õƒ¿'
0	20:28:11.847	Compiling '“— —Œ –”ÿ»“≈À‹'
0	20:28:11.847	Compiling '“— ◊ÂÚÕÂ˜ÂÚ'
