0	09:53:37.722	Compiling 'MACD Sample'
0	09:53:37.722	Compiling 'Moving Average'
0	09:53:41.032	Compiling 'Accelerator'
0	09:53:41.032	Compiling 'Accumulation'
0	09:53:41.032	Compiling 'Alligator'
0	09:53:41.032	Compiling 'ATR'
0	09:53:41.032	Compiling 'Awesome'
0	09:53:41.032	Compiling 'Bands'
0	09:53:41.032	Compiling 'Bears'
0	09:53:41.032	Compiling 'Bulls'
0	09:53:41.032	Compiling 'CCI'
0	09:53:41.032	Compiling 'Custom Moving Averages'
0	09:53:41.032	Compiling 'Heiken Ashi'
0	09:53:41.032	Compiling 'Ichimoku'
0	09:53:41.032	Compiling 'iExposure'
0	09:53:41.032	Compiling 'MACD'
0	09:53:41.032	Compiling 'Momentum'
0	09:53:41.032	Compiling 'OsMA'
0	09:53:41.032	Compiling 'Parabolic'
0	09:53:41.032	Compiling 'RSI'
0	09:53:41.032	Compiling 'Stochastic'
0	09:53:41.032	Compiling 'ZigZag'
0	09:53:41.032	Compiling 'SimplePanel'
0	09:53:47.070	Compiling 'PeriodConverter'
0	09:53:47.070	Compiling 'DLLSampleTester'
0	09:53:47.070	Compiling 'PipeClient'
0	09:53:47.070	Compiling 'PipeClientPure'
0	09:53:50.011	Compiling 'stdlib'
0	19:43:45.732	Compiling 'MACD Sample'
0	19:43:45.732	Compiling 'Moving Average'
0	19:43:45.732	Compiling 'MTS_Builder'
0	19:43:45.734	Compiling 'MACD Sample'
0	19:43:45.734	Compiling 'Moving Average'
0	19:43:45.734	Compiling 'Âåğõ-Íèç (ïîâòîğ)'
0	19:43:45.734	Compiling 'ÂíèçÂâåğõ'
0	19:43:45.734	Compiling 'ÒÑ ÑÎÊĞÓØÈÒÅËÜ ÏÈÊÈ'
0	19:43:45.734	Compiling 'ÒÑ ÑÎÊĞÓØÈÒÅËÜ ÒĞÈÎ'
0	19:43:45.734	Compiling 'ÒÑ ÑÎÊĞÓØÈÒÅËÜ. ËÈÍÈÈ ÒĞÅÍÄÀ'
0	19:43:45.735	Compiling 'ÒÑ ÑÎÊĞÓØÈÒÅËÜ'
0	19:43:45.735	Compiling 'ÒÑ ×åòÍå÷åò'
0	19:43:45.735	Compiling 'ÒÑÒÅÑÒ'
0	19:43:45.735	Compiling '×èñòşëÿ'
0	19:43:50.791	Compiling 'Accelerator'
0	19:43:50.792	Compiling 'Alligator'
0	19:43:50.792	Compiling 'ATR'
0	19:43:50.792	Compiling 'Awesome'
0	19:43:50.792	Compiling 'Bands'
0	19:43:50.792	Compiling 'Bulls'
0	19:43:50.793	Compiling 'Custom Moving Averages'
0	19:43:50.793	Compiling 'Ichimoku'
0	19:43:50.793	Compiling 'iExposure'
0	19:43:50.793	Compiling 'MACD'
0	19:43:50.793	Compiling 'Momentum'
0	19:43:50.793	Compiling 'Parabolic'
0	19:43:50.794	Compiling 'Stochastic'
0	19:43:50.794	Compiling 'ZigZag'
0	19:43:50.794	Compiling 'SimplePanel'
0	19:43:56.391	Compiling 'PeriodConverter'
0	19:43:56.391	Compiling 'DLLSampleTester'
0	19:43:56.392	Compiling 'PipeClient'
0	19:43:56.392	Compiling 'PipeClientPure'
0	19:43:59.759	Compiling 'stdlib'
